<?xml version="1.0" encoding="UTF-8"?>
<!-- Generated by org.testng.reporters.JUnitXMLReporter -->
<testsuite ignored="1" hostname="MohamadPC" failures="0" tests="3" name="GRP-Regression" time="0.053" errors="0" timestamp="2023-04-23T10:46:35 EDT">
  <testcase classname="My_Maven_Package.TestingTestNG" name="loginTest1" time="0.008"/>
  <testcase classname="My_Maven_Package.TestingTestNG" name="loginTest2" time="0.001"/>
  <testcase classname="My_Maven_Package.TestingTestNG" name="loginTest4" time="0.001"/>
  <testcase classname="My_Maven_Package.TestingTestNG" name="loginTest3" time="0.0">
    <ignored/>
  </testcase> <!-- loginTest3 -->
</testsuite> <!-- GRP-Regression -->
