<?xml version="1.0" encoding="UTF-8"?>
<!-- Generated by org.testng.reporters.JUnitXMLReporter -->
<testsuite ignored="0" hostname="MohamadPC" failures="0" tests="4" name="My_Maven project regression test" time="0.051" errors="0" timestamp="2023-04-23T19:49:49 EDT">
  <testcase classname="My_Maven_Package.TestingTestNG" name="loginTest1" time="0.006"/>
  <testcase classname="My_Maven_Package.TestingTestNG" name="loginTest2" time="0.001"/>
  <testcase classname="My_Maven_Package.TestingTestNG" name="loginTest3" time="0.001"/>
  <testcase classname="My_Maven_Package.TestingTestNG" name="loginTest4" time="0.001"/>
</testsuite> <!-- My_Maven project regression test -->
