<?xml version="1.0" encoding="UTF-8"?>
<testng-results ignored="0" total="4" passed="4" failed="0" skipped="0">
  <reporter-output>
  </reporter-output>
  <suite started-at="2023-04-23T19:49:49 EDT" name="Regression Test Suite" finished-at="2023-04-23T19:49:49 EDT" duration-ms="51">
    <groups>
      <group name="bvt">
        <method signature="TestingTestNG.loginTest3()[pri:0, instance:My_Maven_Package.TestingTestNG@387a8303]" name="loginTest3" class="My_Maven_Package.TestingTestNG"/>
      </group> <!-- bvt -->
      <group name="BVT">
        <method signature="TestingTestNG.loginTest2()[pri:0, instance:My_Maven_Package.TestingTestNG@387a8303]" name="loginTest2" class="My_Maven_Package.TestingTestNG"/>
      </group> <!-- BVT -->
      <group name="Regression">
        <method signature="TestingTestNG.loginTest1()[pri:0, instance:My_Maven_Package.TestingTestNG@387a8303]" name="loginTest1" class="My_Maven_Package.TestingTestNG"/>
        <method signature="TestingTestNG.loginTest2()[pri:0, instance:My_Maven_Package.TestingTestNG@387a8303]" name="loginTest2" class="My_Maven_Package.TestingTestNG"/>
        <method signature="TestingTestNG.loginTest4()[pri:0, instance:My_Maven_Package.TestingTestNG@387a8303]" name="loginTest4" class="My_Maven_Package.TestingTestNG"/>
      </group> <!-- Regression -->
      <group name="User_Login">
        <method signature="TestingTestNG.loginTest1()[pri:0, instance:My_Maven_Package.TestingTestNG@387a8303]" name="loginTest1" class="My_Maven_Package.TestingTestNG"/>
        <method signature="TestingTestNG.loginTest2()[pri:0, instance:My_Maven_Package.TestingTestNG@387a8303]" name="loginTest2" class="My_Maven_Package.TestingTestNG"/>
        <method signature="TestingTestNG.loginTest3()[pri:0, instance:My_Maven_Package.TestingTestNG@387a8303]" name="loginTest3" class="My_Maven_Package.TestingTestNG"/>
        <method signature="TestingTestNG.loginTest4()[pri:0, instance:My_Maven_Package.TestingTestNG@387a8303]" name="loginTest4" class="My_Maven_Package.TestingTestNG"/>
      </group> <!-- User_Login -->
    </groups>
    <test started-at="2023-04-23T19:49:49 EDT" name="My_Maven project regression test" finished-at="2023-04-23T19:49:49 EDT" duration-ms="51">
      <class name="My_Maven_Package.TestingTestNG">
        <test-method signature="loginTest1()[pri:0, instance:My_Maven_Package.TestingTestNG@387a8303]" started-at="2023-04-23T19:49:49 EDT" name="loginTest1" finished-at="2023-04-23T19:49:49 EDT" duration-ms="6" status="PASS">
          <reporter-output>
          </reporter-output>
        </test-method> <!-- loginTest1 -->
        <test-method signature="loginTest2()[pri:0, instance:My_Maven_Package.TestingTestNG@387a8303]" started-at="2023-04-23T19:49:49 EDT" name="loginTest2" finished-at="2023-04-23T19:49:49 EDT" duration-ms="1" status="PASS">
          <reporter-output>
          </reporter-output>
        </test-method> <!-- loginTest2 -->
        <test-method signature="loginTest3()[pri:0, instance:My_Maven_Package.TestingTestNG@387a8303]" started-at="2023-04-23T19:49:49 EDT" name="loginTest3" finished-at="2023-04-23T19:49:49 EDT" duration-ms="1" status="PASS">
          <reporter-output>
          </reporter-output>
        </test-method> <!-- loginTest3 -->
        <test-method signature="loginTest4()[pri:0, instance:My_Maven_Package.TestingTestNG@387a8303]" started-at="2023-04-23T19:49:49 EDT" name="loginTest4" finished-at="2023-04-23T19:49:49 EDT" duration-ms="1" status="PASS">
          <reporter-output>
          </reporter-output>
        </test-method> <!-- loginTest4 -->
      </class> <!-- My_Maven_Package.TestingTestNG -->
    </test> <!-- My_Maven project regression test -->
  </suite> <!-- Regression Test Suite -->
</testng-results>
