<?xml version="1.0" encoding="UTF-8"?>
<testng-results ignored="1" total="4" passed="3" failed="0" skipped="0">
  <reporter-output>
  </reporter-output>
  <suite started-at="2023-04-23T10:46:35 EDT" name="My_Maven by groups" finished-at="2023-04-23T10:46:35 EDT" duration-ms="53">
    <groups>
      <group name="BVT">
        <method signature="TestingTestNG.loginTest2()[pri:0, instance:My_Maven_Package.TestingTestNG@30f842ca]" name="loginTest2" class="My_Maven_Package.TestingTestNG"/>
      </group> <!-- BVT -->
      <group name="Regression">
        <method signature="TestingTestNG.loginTest1()[pri:0, instance:My_Maven_Package.TestingTestNG@30f842ca]" name="loginTest1" class="My_Maven_Package.TestingTestNG"/>
        <method signature="TestingTestNG.loginTest2()[pri:0, instance:My_Maven_Package.TestingTestNG@30f842ca]" name="loginTest2" class="My_Maven_Package.TestingTestNG"/>
        <method signature="TestingTestNG.loginTest4()[pri:0, instance:My_Maven_Package.TestingTestNG@30f842ca]" name="loginTest4" class="My_Maven_Package.TestingTestNG"/>
      </group> <!-- Regression -->
    </groups>
    <test started-at="2023-04-23T10:46:35 EDT" name="GRP-Regression" finished-at="2023-04-23T10:46:35 EDT" duration-ms="53">
      <class name="My_Maven_Package.TestingTestNG">
        <test-method signature="loginTest1()[pri:0, instance:My_Maven_Package.TestingTestNG@30f842ca]" started-at="2023-04-23T10:46:35 EDT" name="loginTest1" finished-at="2023-04-23T10:46:35 EDT" duration-ms="8" status="PASS">
          <reporter-output>
          </reporter-output>
        </test-method> <!-- loginTest1 -->
        <test-method signature="loginTest2()[pri:0, instance:My_Maven_Package.TestingTestNG@30f842ca]" started-at="2023-04-23T10:46:35 EDT" name="loginTest2" finished-at="2023-04-23T10:46:35 EDT" duration-ms="1" status="PASS">
          <reporter-output>
          </reporter-output>
        </test-method> <!-- loginTest2 -->
        <test-method signature="loginTest4()[pri:0, instance:My_Maven_Package.TestingTestNG@30f842ca]" started-at="2023-04-23T10:46:35 EDT" name="loginTest4" finished-at="2023-04-23T10:46:35 EDT" duration-ms="1" status="PASS">
          <reporter-output>
          </reporter-output>
        </test-method> <!-- loginTest4 -->
      </class> <!-- My_Maven_Package.TestingTestNG -->
    </test> <!-- GRP-Regression -->
  </suite> <!-- My_Maven by groups -->
</testng-results>
